<?xml version="1.0" encoding="UTF-8"?>
<!-- Generated by org.testng.reporters.JUnitXMLReporter -->
<testsuite ignored="0" hostname="DESKTOP-J0C4B0O" failures="1" tests="8" name="Test" time="32.538" errors="0" timestamp="2024-07-15T17:32:01 EDT">
  <testcase classname="com.sauceDemo.TestCases.InValidLoginTest" name="invalidLogin" time="1.445"/>
  <testcase classname="com.sauceDemo.TestCases.InValidLoginTest" name="invalidBlankPasswordLogin" time="1.384">
    <failure type="java.lang.AssertionError" message="expected [true] but found [false]">
      <![CDATA[java.lang.AssertionError: expected [true] but found [false]
at com.sauceDemo.TestCases.InValidLoginTest.invalidBlankPasswordLogin(InValidLoginTest.java:56)
at java.base/java.util.ArrayList.forEach(ArrayList.java:1511)
... Removed 31 stack frames]]>
    </failure>
  </testcase> <!-- invalidBlankPasswordLogin -->
  <testcase classname="com.sauceDemo.TestCases.InValidLoginTest" name="invalidBlankUsernameLogin" time="1.329"/>
  <testcase classname="com.sauceDemo.TestCases.InValidLoginTest" name="invalidBlankUsernameAndPasswordLogin" time="1.226"/>
  <testcase classname="com.sauceDemo.TestCases.ValidLoginTest" name="loginWithValidCredentials" time="1.73"/>
  <testcase classname="com.sauceDemo.TestCases.ValidLoginTest" name="loginWithSecondUsername" time="1.492"/>
  <testcase classname="com.sauceDemo.TestCases.ValidLoginTest" name="loginWithThirduserName" time="1.756"/>
  <testcase classname="com.sauceDemo.TestCases.ValidLoginTest" name="loginWithForthuserName" time="6.755"/>
</testsuite> <!-- Test -->
